<?xml version="1.0" encoding="UTF-8"?>
<!-- Generated by org.testng.reporters.JUnitXMLReporter -->
<testsuite ignored="0" hostname="DESKTOP-JQFU1BA" failures="0" tests="1" name="Validating title in the Page" time="14.167" errors="0" timestamp="2020-09-20T16:18:01 SGT">
  <testcase classname="testCases.validateTitle" name="@BeforeTest initialize" time="14.135">
    <failure type="org.openqa.selenium.SessionNotCreatedException" message="session not created
from chrome not reachable
  (Session info: chrome=85.0.4183.102)
Build info: version: &amp;apos;3.141.59&amp;apos;, revision: &amp;apos;e82be7d358&amp;apos;, time: &amp;apos;2018-11-14T08:17:03&amp;apos;
System info: host: &amp;apos;DESKTOP-JQFU1BA&amp;apos;, ip: &amp;apos;192.168.1.117&amp;apos;, os.name: &amp;apos;Windows 10&amp;apos;, os.arch: &amp;apos;amd64&amp;apos;, os.version: &amp;apos;10.0&amp;apos;, java.version: &amp;apos;14&amp;apos;
Driver info: driver.version: ChromeDriver
remote stacktrace: Backtrace:
	Ordinal0 [0x00B5D343+3134275]
	Ordinal0 [0x00A4A131+2007345]
	Ordinal0 [0x008EAD70+568688]
	Ordinal0 [0x008E1364+529252]
	Ordinal0 [0x008E19FC+530940]
	Ordinal0 [0x008E2C15+535573]
	Ordinal0 [0x008DDFC5+516037]
	Ordinal0 [0x008EBF50+573264]
	Ordinal0 [0x00891916+203030]
	Ordinal0 [0x00890C1D+199709]
	Ordinal0 [0x0088EB0B+191243]
	Ordinal0 [0x00872E77+77431]
	Ordinal0 [0x00873E3E+81470]
	Ordinal0 [0x00873DC9+81353]
	Ordinal0 [0x00A60C99+2100377]
	GetHandleVerifier [0x00CCB71A+1396954]
	GetHandleVerifier [0x00CCB399+1396057]
	GetHandleVerifier [0x00CD70E6+1444518]
	GetHandleVerifier [0x00CCBCA8+1398376]
	Ordinal0 [0x00A57F11+2064145]
	Ordinal0 [0x00A622AB+2106027]
	Ordinal0 [0x00A623D1+2106321]
	Ordinal0 [0x00A74984+2181508]
	BaseThreadInitThunk [0x7615F989+25]
	RtlGetAppContainerNamedObjectPath [0x771874B4+228]
	RtlGetAppContainerNamedObjectPath [0x77187484+180]
">
      <![CDATA[org.openqa.selenium.SessionNotCreatedException: session not created
from chrome not reachable
  (Session info: chrome=85.0.4183.102)
Build info: version: '3.141.59', revision: 'e82be7d358', time: '2018-11-14T08:17:03'
System info: host: 'DESKTOP-JQFU1BA', ip: '192.168.1.117', os.name: 'Windows 10', os.arch: 'amd64', os.version: '10.0', java.version: '14'
Driver info: driver.version: ChromeDriver
remote stacktrace: Backtrace:
Ordinal0 [0x00B5D343+3134275]
Ordinal0 [0x00A4A131+2007345]
Ordinal0 [0x008EAD70+568688]
Ordinal0 [0x008E1364+529252]
Ordinal0 [0x008E19FC+530940]
Ordinal0 [0x008E2C15+535573]
Ordinal0 [0x008DDFC5+516037]
Ordinal0 [0x008EBF50+573264]
Ordinal0 [0x00891916+203030]
Ordinal0 [0x00890C1D+199709]
Ordinal0 [0x0088EB0B+191243]
Ordinal0 [0x00872E77+77431]
Ordinal0 [0x00873E3E+81470]
Ordinal0 [0x00873DC9+81353]
Ordinal0 [0x00A60C99+2100377]
GetHandleVerifier [0x00CCB71A+1396954]
GetHandleVerifier [0x00CCB399+1396057]
GetHandleVerifier [0x00CD70E6+1444518]
GetHandleVerifier [0x00CCBCA8+1398376]
Ordinal0 [0x00A57F11+2064145]
Ordinal0 [0x00A622AB+2106027]
Ordinal0 [0x00A623D1+2106321]
Ordinal0 [0x00A74984+2181508]
BaseThreadInitThunk [0x7615F989+25]
RtlGetAppContainerNamedObjectPath [0x771874B4+228]
RtlGetAppContainerNamedObjectPath [0x77187484+180]

at org.openqa.selenium.remote.W3CHandshakeResponse.lambda$errorHandler$0(W3CHandshakeResponse.java:62)
at org.openqa.selenium.remote.HandshakeResponse.lambda$getResponseFunction$0(HandshakeResponse.java:30)
at org.openqa.selenium.remote.ProtocolHandshake.lambda$createSession$0(ProtocolHandshake.java:126)
at java.base/java.util.stream.ReferencePipeline$3$1.accept(ReferencePipeline.java:195)
at java.base/java.util.Spliterators$ArraySpliterator.tryAdvance(Spliterators.java:958)
at java.base/java.util.stream.ReferencePipeline.forEachWithCancel(ReferencePipeline.java:127)
at java.base/java.util.stream.AbstractPipeline.copyIntoWithCancel(AbstractPipeline.java:502)
at java.base/java.util.stream.AbstractPipeline.copyInto(AbstractPipeline.java:488)
at java.base/java.util.stream.AbstractPipeline.wrapAndCopyInto(AbstractPipeline.java:474)
at java.base/java.util.stream.FindOps$FindOp.evaluateSequential(FindOps.java:150)
at java.base/java.util.stream.AbstractPipeline.evaluate(AbstractPipeline.java:234)
at java.base/java.util.stream.ReferencePipeline.findFirst(ReferencePipeline.java:543)
at org.openqa.selenium.remote.ProtocolHandshake.createSession(ProtocolHandshake.java:128)
at org.openqa.selenium.remote.ProtocolHandshake.createSession(ProtocolHandshake.java:74)
at org.openqa.selenium.remote.HttpCommandExecutor.execute(HttpCommandExecutor.java:136)
at org.openqa.selenium.remote.service.DriverCommandExecutor.execute(DriverCommandExecutor.java:83)
at org.openqa.selenium.remote.RemoteWebDriver.execute(RemoteWebDriver.java:552)
at org.openqa.selenium.remote.RemoteWebDriver.startSession(RemoteWebDriver.java:213)
at org.openqa.selenium.remote.RemoteWebDriver.<init>(RemoteWebDriver.java:131)
at org.openqa.selenium.chrome.ChromeDriver.<init>(ChromeDriver.java:181)
at org.openqa.selenium.chrome.ChromeDriver.<init>(ChromeDriver.java:168)
at org.openqa.selenium.chrome.ChromeDriver.<init>(ChromeDriver.java:123)
at resources.base.initializeDriver(base.java:32)
at testCases.validateTitle.initialize(validateTitle.java:27)
... Removed 29 stack frames]]>
    </failure>
  </testcase> <!-- @BeforeTest initialize -->
  <testcase classname="testCases.validateTitle" name="@AfterTest teardown" time="-1.60058988161E9">
    <skipped/>
  </testcase> <!-- @AfterTest teardown -->
  <testcase classname="testCases.validateTitle" name="validateAppTitle" time="0.0">
    <skipped/>
  </testcase> <!-- validateAppTitle -->
</testsuite> <!-- Validating title in the Page -->
